build/app/intermediates/manifest_merge_blame_file/release/manifest-merger-blame-release-report.txt
1<?xml version="1.0" encoding="utf-8"?>
2<manifest xmlns:android="http://schemas.android.com/apk/res/android"
3    package="de.seniorlaguna.gotit"
4    android:versionCode="1"
5    android:versionName="1.0.0" >
6
7    <uses-sdk
8        android:minSdkVersion="21"
8-->src/main/AndroidManifest.xml
9        android:targetSdkVersion="28" />
9-->src/main/AndroidManifest.xml
10    <!--
11         io.flutter.app.FlutterApplication is an android.app.Application that
12         calls FlutterMain.startInitialization(this); in its onCreate method.
13         In most cases you can leave this as-is, but you if you want to provide
14         additional functionality it is fine to subclass or reimplement
15         FlutterApplication and put your custom class here.
16    -->
17
18    <uses-permission android:name="android.permission.INTERNET" />
18-->src/main/AndroidManifest.xml:9:5-67
18-->src/main/AndroidManifest.xml:9:22-64
19    <uses-permission android:name="android.permission.CAMERA" />
19-->src/main/AndroidManifest.xml:10:5-65
19-->src/main/AndroidManifest.xml:10:22-62
20    <uses-permission android:name="android.permission.RECORD_AUDIO" /> <!-- Don't require camera, as this requires a rear camera. This allows it to work on the Nexus 7 -->
20-->[:camera] AndroidManifest.xml:8:5-71
20-->[:camera] AndroidManifest.xml:8:22-68
21    <uses-feature
21-->[com.journeyapps:zxing-android-embedded:3.5.0] AndroidManifest.xml:24:5-26:36
22        android:name="android.hardware.camera"
22-->[com.journeyapps:zxing-android-embedded:3.5.0] AndroidManifest.xml:25:9-47
23        android:required="false" />
23-->[com.journeyapps:zxing-android-embedded:3.5.0] AndroidManifest.xml:26:9-33
24    <uses-feature
24-->[com.journeyapps:zxing-android-embedded:3.5.0] AndroidManifest.xml:27:5-29:36
25        android:name="android.hardware.camera.front"
25-->[com.journeyapps:zxing-android-embedded:3.5.0] AndroidManifest.xml:28:9-53
26        android:required="false" /> <!-- TODO replace above two with next line after Android 4.2 -->
26-->[com.journeyapps:zxing-android-embedded:3.5.0] AndroidManifest.xml:29:9-33
27    <!-- <uses-feature android:name="android.hardware.camera.any"/> -->
28    <uses-feature
28-->[com.journeyapps:zxing-android-embedded:3.5.0] AndroidManifest.xml:32:5-34:36
29        android:name="android.hardware.camera.autofocus"
29-->[com.journeyapps:zxing-android-embedded:3.5.0] AndroidManifest.xml:33:9-57
30        android:required="false" />
30-->[com.journeyapps:zxing-android-embedded:3.5.0] AndroidManifest.xml:34:9-33
31    <uses-feature
31-->[com.journeyapps:zxing-android-embedded:3.5.0] AndroidManifest.xml:35:5-37:36
32        android:name="android.hardware.camera.flash"
32-->[com.journeyapps:zxing-android-embedded:3.5.0] AndroidManifest.xml:36:9-53
33        android:required="false" />
33-->[com.journeyapps:zxing-android-embedded:3.5.0] AndroidManifest.xml:37:9-33
34    <uses-feature
34-->[com.journeyapps:zxing-android-embedded:3.5.0] AndroidManifest.xml:38:5-40:36
35        android:name="android.hardware.screen.landscape"
35-->[com.journeyapps:zxing-android-embedded:3.5.0] AndroidManifest.xml:39:9-57
36        android:required="false" />
36-->[com.journeyapps:zxing-android-embedded:3.5.0] AndroidManifest.xml:40:9-33
37    <uses-feature
37-->[com.journeyapps:zxing-android-embedded:3.5.0] AndroidManifest.xml:41:5-43:36
38        android:name="android.hardware.wifi"
38-->[com.journeyapps:zxing-android-embedded:3.5.0] AndroidManifest.xml:42:9-45
39        android:required="false" />
39-->[com.journeyapps:zxing-android-embedded:3.5.0] AndroidManifest.xml:43:9-33
40
41    <application
41-->src/main/AndroidManifest.xml:12:5-34:19
42        android:name="io.flutter.app.FlutterApplication"
42-->src/main/AndroidManifest.xml:13:9-57
43        android:appComponentFactory="androidx.core.app.CoreComponentFactory"
43-->[androidx.core:core:1.3.1] AndroidManifest.xml:24:18-86
44        android:icon="@drawable/goat"
44-->src/main/AndroidManifest.xml:15:9-38
45        android:label="Got It" >
45-->src/main/AndroidManifest.xml:14:9-31
46        <activity
46-->src/main/AndroidManifest.xml:16:9-28:20
47            android:name="seniorlaguna.de.got_it.MainActivity"
47-->src/main/AndroidManifest.xml:18:13-41
48            android:configChanges="orientation|keyboardHidden|keyboard|screenSize|smallestScreenSize|locale|layoutDirection|fontScale|screenLayout|density|uiMode"
48-->src/main/AndroidManifest.xml:21:13-163
49            android:hardwareAccelerated="true"
49-->src/main/AndroidManifest.xml:22:13-47
50            android:launchMode="singleTop"
50-->src/main/AndroidManifest.xml:19:13-43
51            android:screenOrientation="portrait"
51-->src/main/AndroidManifest.xml:17:13-49
52            android:theme="@style/LaunchTheme"
52-->src/main/AndroidManifest.xml:20:13-47
53            android:windowSoftInputMode="adjustResize" >
53-->src/main/AndroidManifest.xml:23:13-55
54            <intent-filter>
54-->src/main/AndroidManifest.xml:24:13-27:29
55                <action android:name="android.intent.action.MAIN" />
55-->src/main/AndroidManifest.xml:25:17-68
55-->src/main/AndroidManifest.xml:25:25-66
56
57                <category android:name="android.intent.category.LAUNCHER" />
57-->src/main/AndroidManifest.xml:26:17-76
57-->src/main/AndroidManifest.xml:26:27-74
58            </intent-filter>
59        </activity>
60        <!--
61             Don't delete the meta-data below.
62             This is used by the Flutter tool to generate GeneratedPluginRegistrant.java
63        -->
64        <meta-data
64-->src/main/AndroidManifest.xml:31:9-33:33
65            android:name="flutterEmbedding"
65-->src/main/AndroidManifest.xml:32:13-44
66            android:value="2" />
66-->src/main/AndroidManifest.xml:33:13-30
67
68        <activity android:name="de.mintware.barcode_scan.BarcodeScannerActivity" />
68-->[:barcode_scan] AndroidManifest.xml:10:9-84
68-->[:barcode_scan] AndroidManifest.xml:10:19-81
69        <activity
69-->[:url_launcher] AndroidManifest.xml:8:9-11:74
70            android:name="io.flutter.plugins.urllauncher.WebViewActivity"
70-->[:url_launcher] AndroidManifest.xml:9:13-74
71            android:exported="false"
71-->[:url_launcher] AndroidManifest.xml:10:13-37
72            android:theme="@android:style/Theme.NoTitleBar.Fullscreen" />
72-->[:url_launcher] AndroidManifest.xml:11:13-71
73
74        <provider
74-->[:share] AndroidManifest.xml:8:9-16:20
75            android:name="io.flutter.plugins.share.ShareFileProvider"
75-->[:share] AndroidManifest.xml:9:13-70
76            android:authorities="de.seniorlaguna.gotit.flutter.share_provider"
76-->[:share] AndroidManifest.xml:10:13-74
77            android:exported="false"
77-->[:share] AndroidManifest.xml:11:13-37
78            android:grantUriPermissions="true" >
78-->[:share] AndroidManifest.xml:12:13-47
79            <meta-data
79-->[:share] AndroidManifest.xml:13:13-15:68
80                android:name="android.support.FILE_PROVIDER_PATHS"
80-->[:share] AndroidManifest.xml:14:17-67
81                android:resource="@xml/flutter_share_file_paths" />
81-->[:share] AndroidManifest.xml:15:17-65
82        </provider>
83
84        <activity
84-->[com.journeyapps:zxing-android-embedded:3.5.0] AndroidManifest.xml:46:9-52:63
85            android:name="com.journeyapps.barcodescanner.CaptureActivity"
85-->[com.journeyapps:zxing-android-embedded:3.5.0] AndroidManifest.xml:47:13-74
86            android:clearTaskOnLaunch="true"
86-->[com.journeyapps:zxing-android-embedded:3.5.0] AndroidManifest.xml:48:13-45
87            android:screenOrientation="sensorLandscape"
87-->[com.journeyapps:zxing-android-embedded:3.5.0] AndroidManifest.xml:49:13-56
88            android:stateNotNeeded="true"
88-->[com.journeyapps:zxing-android-embedded:3.5.0] AndroidManifest.xml:50:13-42
89            android:theme="@style/zxing_CaptureTheme"
89-->[com.journeyapps:zxing-android-embedded:3.5.0] AndroidManifest.xml:51:13-54
90            android:windowSoftInputMode="stateAlwaysHidden" />
90-->[com.journeyapps:zxing-android-embedded:3.5.0] AndroidManifest.xml:52:13-60
91    </application>
92
93</manifest>